Demo/build/outputs/logs/manifest-merger-debug-report.txt
-- Merging decision tree log ---
provider#android.support.v4.content.FileProvider
INJECTED from src/main/AndroidManifest.xml:38:9-46:20
	android:grantUriPermissions
		ADDED from src/main/AndroidManifest.xml:42:13-47
	android:authorities
		INJECTED from src/main/AndroidManifest.xml
		ADDED from src/main/AndroidManifest.xml:40:13-64
	android:exported
		ADDED from src/main/AndroidManifest.xml:41:13-37
	android:name
		ADDED from src/main/AndroidManifest.xml:39:13-67
provider#com.mintegral.msdk.base.utils.MTGFileProvider
INJECTED from src/main/AndroidManifest.xml:356:9-364:20
	android:grantUriPermissions
		ADDED from src/main/AndroidManifest.xml:360:13-47
	android:authorities
		INJECTED from src/main/AndroidManifest.xml
		ADDED from src/main/AndroidManifest.xml:358:13-67
	android:exported
		ADDED from src/main/AndroidManifest.xml:359:13-37
	android:name
		ADDED from src/main/AndroidManifest.xml:357:13-73
manifest
ADDED from src/main/AndroidManifest.xml:2:1-368:12
INJECTED from src/main/AndroidManifest.xml:2:1-368:12
INJECTED from src/main/AndroidManifest.xml:2:1-368:12
INJECTED from src/main/AndroidManifest.xml:2:1-368:12
MERGED from [GDTSDK.unionNormal.4.230.1100.aar] AndroidManifest.xml:2:1-57:12
MERGED from [ks_adsdk-2.2.4.aar] AndroidManifest.xml:2:1-76:12
MERGED from [com.squareup.leakcanary:leakcanary-android:1.6.1] AndroidManifest.xml:17:1-72:12
MERGED from [com.android.support:support-v4:28.0.0] AndroidManifest.xml:17:1-22:12
MERGED from [com.android.support:design:28.0.0] AndroidManifest.xml:17:1-24:12
MERGED from [com.android.support:recyclerview-v7:28.0.0] AndroidManifest.xml:17:1-22:12
MERGED from [com.android.support:appcompat-v7:28.0.0] AndroidManifest.xml:17:1-22:12
MERGED from [com.android.support.constraint:constraint-layout:1.1.3] AndroidManifest.xml:2:1-11:12
MERGED from [com.tencent.bugly:crashreport:3.2.3] AndroidManifest.xml:2:1-9:12
MERGED from [com.android.support:multidex:1.0.3] AndroidManifest.xml:17:1-22:12
MERGED from [com.mintegral.msdk:videojs:10.1.31] AndroidManifest.xml:2:1-11:12
MERGED from [com.mintegral.msdk:mtgjscommon:10.1.31] AndroidManifest.xml:2:1-14:12
MERGED from [com.mintegral.msdk:playercommon:10.1.31] AndroidManifest.xml:2:1-15:12
MERGED from [com.mintegral.msdk:reward:10.1.31] AndroidManifest.xml:2:1-15:12
MERGED from [com.mintegral.msdk:videocommon:10.1.31] AndroidManifest.xml:2:1-15:12
MERGED from [com.mintegral.msdk:optimizedata:10.1.31] AndroidManifest.xml:2:1-11:12
MERGED from [com.mintegral.msdk:common:10.1.31] AndroidManifest.xml:2:1-15:12
MERGED from [com.mintegral.msdk:mtgdownloads:10.1.31] AndroidManifest.xml:2:1-14:12
MERGED from [com.mintegral.msdk:mtgbid:10.1.31] AndroidManifest.xml:2:1-11:12
MERGED from [com.squareup.leakcanary:leakcanary-analyzer:1.6.1] AndroidManifest.xml:17:1-24:12
MERGED from [com.android.support:support-fragment:28.0.0] AndroidManifest.xml:17:1-22:12
MERGED from [com.android.support:animated-vector-drawable:28.0.0] AndroidManifest.xml:17:1-22:12
MERGED from [com.android.support:support-core-ui:28.0.0] AndroidManifest.xml:17:1-22:12
MERGED from [com.android.support:support-core-utils:28.0.0] AndroidManifest.xml:17:1-22:12
MERGED from [com.android.support:support-media-compat:28.0.0] AndroidManifest.xml:17:1-22:12
MERGED from [com.android.support:support-vector-drawable:28.0.0] AndroidManifest.xml:17:1-22:12
MERGED from [com.android.support:transition:28.0.0] AndroidManifest.xml:17:1-22:12
MERGED from [com.android.support:loader:28.0.0] AndroidManifest.xml:17:1-22:12
MERGED from [com.android.support:viewpager:28.0.0] AndroidManifest.xml:17:1-22:12
MERGED from [com.android.support:coordinatorlayout:28.0.0] AndroidManifest.xml:17:1-22:12
MERGED from [com.android.support:drawerlayout:28.0.0] AndroidManifest.xml:17:1-22:12
MERGED from [com.android.support:slidingpanelayout:28.0.0] AndroidManifest.xml:17:1-22:12
MERGED from [com.android.support:customview:28.0.0] AndroidManifest.xml:17:1-22:12
MERGED from [com.android.support:swiperefreshlayout:28.0.0] AndroidManifest.xml:17:1-22:12
MERGED from [com.android.support:asynclayoutinflater:28.0.0] AndroidManifest.xml:17:1-22:12
MERGED from [com.android.support:support-compat:28.0.0] AndroidManifest.xml:17:1-24:12
MERGED from [com.android.support:versionedparcelable:28.0.0] AndroidManifest.xml:17:1-25:12
MERGED from [com.android.support:cursoradapter:28.0.0] AndroidManifest.xml:17:1-22:12
MERGED from [com.android.support:cardview-v7:28.0.0] AndroidManifest.xml:17:1-22:12
MERGED from [com.android.support:documentfile:28.0.0] AndroidManifest.xml:17:1-22:12
MERGED from [com.android.support:localbroadcastmanager:28.0.0] AndroidManifest.xml:17:1-22:12
MERGED from [com.android.support:print:28.0.0] AndroidManifest.xml:17:1-22:12
MERGED from [android.arch.lifecycle:runtime:1.1.1] AndroidManifest.xml:17:1-22:12
MERGED from [com.android.support:interpolator:28.0.0] AndroidManifest.xml:17:1-22:12
MERGED from [android.arch.lifecycle:viewmodel:1.1.1] AndroidManifest.xml:17:1-22:12
MERGED from [android.arch.lifecycle:livedata:1.1.1] AndroidManifest.xml:17:1-22:12
MERGED from [android.arch.lifecycle:livedata-core:1.1.1] AndroidManifest.xml:17:1-22:12
MERGED from [android.arch.core:runtime:1.1.1] AndroidManifest.xml:17:1-22:12
INJECTED from src/main/AndroidManifest.xml:2:1-368:12
INJECTED from src/main/AndroidManifest.xml:2:1-368:12
INJECTED from src/main/AndroidManifest.xml:2:1-368:12
	package
		ADDED from src/main/AndroidManifest.xml:3:5-34
		INJECTED from src/main/AndroidManifest.xml
		INJECTED from src/main/AndroidManifest.xml
	android:versionName
		INJECTED from src/main/AndroidManifest.xml
		ADDED from src/main/AndroidManifest.xml:2:1-368:12
		INJECTED from src/main/AndroidManifest.xml
	android:versionCode
		INJECTED from src/main/AndroidManifest.xml
		ADDED from src/main/AndroidManifest.xml:2:1-368:12
		INJECTED from src/main/AndroidManifest.xml
	xmlns:android
		ADDED from src/main/AndroidManifest.xml:2:11-69
uses-permission#android.permission.READ_PHONE_STATE
ADDED from src/main/AndroidManifest.xml:7:5-75
MERGED from [ks_adsdk-2.2.4.aar] AndroidManifest.xml:15:5-75
MERGED from [ks_adsdk-2.2.4.aar] AndroidManifest.xml:15:5-75
	android:name
		ADDED from src/main/AndroidManifest.xml:7:22-72
uses-permission#android.permission.ACCESS_COARSE_LOCATION
ADDED from src/main/AndroidManifest.xml:8:5-81
	android:name
		ADDED from src/main/AndroidManifest.xml:8:22-78
uses-permission#android.permission.ACCESS_FINE_LOCATION
ADDED from src/main/AndroidManifest.xml:9:5-79
	android:name
		ADDED from src/main/AndroidManifest.xml:9:22-76
uses-permission#android.permission.READ_EXTERNAL_STORAGE
ADDED from src/main/AndroidManifest.xml:21:5-80
MERGED from [com.squareup.leakcanary:leakcanary-android:1.6.1] AndroidManifest.xml:23:5-80
MERGED from [com.squareup.leakcanary:leakcanary-android:1.6.1] AndroidManifest.xml:23:5-80
	android:name
		ADDED from src/main/AndroidManifest.xml:21:22-77
uses-permission#android.permission.WRITE_EXTERNAL_STORAGE
ADDED from src/main/AndroidManifest.xml:22:5-81
MERGED from [com.squareup.leakcanary:leakcanary-android:1.6.1] AndroidManifest.xml:24:5-81
MERGED from [com.squareup.leakcanary:leakcanary-android:1.6.1] AndroidManifest.xml:24:5-81
	android:name
		ADDED from src/main/AndroidManifest.xml:22:22-78
application
ADDED from src/main/AndroidManifest.xml:25:5-366:19
MERGED from [GDTSDK.unionNormal.4.230.1100.aar] AndroidManifest.xml:16:5-55:19
MERGED from [GDTSDK.unionNormal.4.230.1100.aar] AndroidManifest.xml:16:5-55:19
MERGED from [ks_adsdk-2.2.4.aar] AndroidManifest.xml:21:5-74:19
MERGED from [ks_adsdk-2.2.4.aar] AndroidManifest.xml:21:5-74:19
MERGED from [com.squareup.leakcanary:leakcanary-android:1.6.1] AndroidManifest.xml:26:5-70:19
MERGED from [com.squareup.leakcanary:leakcanary-android:1.6.1] AndroidManifest.xml:26:5-70:19
MERGED from [com.android.support:design:28.0.0] AndroidManifest.xml:22:5-20
MERGED from [com.android.support:design:28.0.0] AndroidManifest.xml:22:5-20
MERGED from [com.android.support.constraint:constraint-layout:1.1.3] AndroidManifest.xml:9:5-20
MERGED from [com.android.support.constraint:constraint-layout:1.1.3] AndroidManifest.xml:9:5-20
MERGED from [com.mintegral.msdk:mtgjscommon:10.1.31] AndroidManifest.xml:11:5-12:19
MERGED from [com.mintegral.msdk:mtgjscommon:10.1.31] AndroidManifest.xml:11:5-12:19
MERGED from [com.mintegral.msdk:playercommon:10.1.31] AndroidManifest.xml:12:5-13:19
MERGED from [com.mintegral.msdk:playercommon:10.1.31] AndroidManifest.xml:12:5-13:19
MERGED from [com.mintegral.msdk:reward:10.1.31] AndroidManifest.xml:12:5-13:19
MERGED from [com.mintegral.msdk:reward:10.1.31] AndroidManifest.xml:12:5-13:19
MERGED from [com.mintegral.msdk:videocommon:10.1.31] AndroidManifest.xml:12:5-13:19
MERGED from [com.mintegral.msdk:videocommon:10.1.31] AndroidManifest.xml:12:5-13:19
MERGED from [com.mintegral.msdk:common:10.1.31] AndroidManifest.xml:12:5-13:19
MERGED from [com.mintegral.msdk:common:10.1.31] AndroidManifest.xml:12:5-13:19
MERGED from [com.mintegral.msdk:mtgdownloads:10.1.31] AndroidManifest.xml:11:5-12:19
MERGED from [com.mintegral.msdk:mtgdownloads:10.1.31] AndroidManifest.xml:11:5-12:19
MERGED from [com.squareup.leakcanary:leakcanary-analyzer:1.6.1] AndroidManifest.xml:22:5-20
MERGED from [com.squareup.leakcanary:leakcanary-analyzer:1.6.1] AndroidManifest.xml:22:5-20
MERGED from [com.android.support:support-compat:28.0.0] AndroidManifest.xml:22:5-94
MERGED from [com.android.support:support-compat:28.0.0] AndroidManifest.xml:22:5-94
MERGED from [com.android.support:versionedparcelable:28.0.0] AndroidManifest.xml:22:5-23:19
MERGED from [com.android.support:versionedparcelable:28.0.0] AndroidManifest.xml:22:5-23:19
	android:appComponentFactory
		ADDED from [com.android.support:support-compat:28.0.0] AndroidManifest.xml:22:18-91
	android:label
		ADDED from src/main/AndroidManifest.xml:28:9-41
	android:hardwareAccelerated
		ADDED from src/main/AndroidManifest.xml:29:9-43
	android:icon
		ADDED from src/main/AndroidManifest.xml:27:9-41
	android:theme
		ADDED from src/main/AndroidManifest.xml:31:9-40
	android:networkSecurityConfig
		ADDED from src/main/AndroidManifest.xml:30:9-69
	android:usesCleartextTraffic
		ADDED from [GDTSDK.unionNormal.4.230.1100.aar] AndroidManifest.xml:16:18-53
	android:name
		ADDED from src/main/AndroidManifest.xml:26:9-40
uses-library#org.apache.http.legacy
ADDED from src/main/AndroidManifest.xml:33:9-35:40
	android:required
		ADDED from src/main/AndroidManifest.xml:35:13-37
	android:name
		ADDED from src/main/AndroidManifest.xml:34:13-50
meta-data#com.google.android.gms.ads.APPLICATION_ID
ADDED from src/main/AndroidManifest.xml:49:9-51:70
	android:value
		ADDED from src/main/AndroidManifest.xml:51:13-67
	android:name
		ADDED from src/main/AndroidManifest.xml:50:13-69
activity#com.qq.e.union.demo.DemoListActivity
ADDED from src/main/AndroidManifest.xml:55:9-66:20
	android:screenOrientation
		ADDED from src/main/AndroidManifest.xml:60:13-49
	android:label
		ADDED from src/main/AndroidManifest.xml:58:13-60
	android:launchMode
		ADDED from src/main/AndroidManifest.xml:59:13-44
	android:windowSoftInputMode
		ADDED from src/main/AndroidManifest.xml:61:13-72
	android:exported
		ADDED from src/main/AndroidManifest.xml:57:13-36
	android:name
		ADDED from src/main/AndroidManifest.xml:56:13-45
intent-filter#action:name:android.intent.action.VIEW+category:name:android.intent.category.DEFAULT
ADDED from src/main/AndroidManifest.xml:62:13-65:29
action#android.intent.action.VIEW
ADDED from src/main/AndroidManifest.xml:63:17-69
	android:name
		ADDED from src/main/AndroidManifest.xml:63:25-66
category#android.intent.category.DEFAULT
ADDED from src/main/AndroidManifest.xml:64:17-76
	android:name
		ADDED from src/main/AndroidManifest.xml:64:27-73
activity#com.qq.e.union.demo.SDKVersionActivity
ADDED from src/main/AndroidManifest.xml:67:9-69:75
	android:screenOrientation
		ADDED from src/main/AndroidManifest.xml:68:13-49
	android:theme
		ADDED from src/main/AndroidManifest.xml:69:13-72
	android:name
		ADDED from src/main/AndroidManifest.xml:67:19-53
activity#com.qq.e.union.demo.SplashActivity
ADDED from src/main/AndroidManifest.xml:70:9-80:20
	android:screenOrientation
		ADDED from src/main/AndroidManifest.xml:73:13-49
	android:windowSoftInputMode
		ADDED from src/main/AndroidManifest.xml:75:13-54
	android:configChanges
		ADDED from src/main/AndroidManifest.xml:72:13-83
	android:theme
		ADDED from src/main/AndroidManifest.xml:74:13-71
	android:name
		ADDED from src/main/AndroidManifest.xml:71:13-43
intent-filter#action:name:android.intent.action.MAIN+category:name:android.intent.category.LAUNCHER
ADDED from src/main/AndroidManifest.xml:76:13-79:29
action#android.intent.action.MAIN
ADDED from src/main/AndroidManifest.xml:77:17-69
	android:name
		ADDED from src/main/AndroidManifest.xml:77:25-66
category#android.intent.category.LAUNCHER
ADDED from src/main/AndroidManifest.xml:78:17-77
	android:name
		ADDED from src/main/AndroidManifest.xml:78:27-74
activity#com.qq.e.union.demo.SplashADActivity
ADDED from src/main/AndroidManifest.xml:81:9-99:20
	android:screenOrientation
		ADDED from src/main/AndroidManifest.xml:83:13-49
	android:name
		ADDED from src/main/AndroidManifest.xml:82:13-45
intent-filter#action:name:gdt.action.LAUNCH_DEMO+category:name:android.intent.category.DEFAULT
ADDED from src/main/AndroidManifest.xml:84:13-88:29
action#gdt.action.LAUNCH_DEMO
ADDED from src/main/AndroidManifest.xml:85:17-65
	android:name
		ADDED from src/main/AndroidManifest.xml:85:25-62
meta-data#id
ADDED from src/main/AndroidManifest.xml:90:13-92:50
	android:value
		ADDED from src/main/AndroidManifest.xml:92:17-47
	android:name
		ADDED from src/main/AndroidManifest.xml:91:17-34
meta-data#content
ADDED from src/main/AndroidManifest.xml:93:13-95:44
	android:value
		ADDED from src/main/AndroidManifest.xml:95:17-41
	android:name
		ADDED from src/main/AndroidManifest.xml:94:17-39
meta-data#action
ADDED from src/main/AndroidManifest.xml:96:13-98:58
	android:value
		ADDED from src/main/AndroidManifest.xml:98:17-55
	android:name
		ADDED from src/main/AndroidManifest.xml:97:17-38
activity#com.qq.e.union.demo.UnifiedInterstitialFullScreenADActivity
ADDED from src/main/AndroidManifest.xml:100:9-119:20
	android:label
		ADDED from src/main/AndroidManifest.xml:103:13-75
	android:windowSoftInputMode
		ADDED from src/main/AndroidManifest.xml:104:13-72
	android:configChanges
		ADDED from src/main/AndroidManifest.xml:102:13-83
	android:name
		ADDED from src/main/AndroidManifest.xml:101:13-68
intent-filter#action:name:gdt.action.UNIFIED_INTERSTITIAL_FULLSCREEN_VIDEO_DEMO+category:name:android.intent.category.DEFAULT
ADDED from src/main/AndroidManifest.xml:115:13-118:29
action#gdt.action.UNIFIED_INTERSTITIAL_FULLSCREEN_VIDEO_DEMO
ADDED from src/main/AndroidManifest.xml:116:17-96
	android:name
		ADDED from src/main/AndroidManifest.xml:116:25-93
activity#com.qq.e.union.demo.DeviceInfoActivity
ADDED from src/main/AndroidManifest.xml:120:9-123:75
	android:label
		ADDED from src/main/AndroidManifest.xml:122:13-63
	android:windowSoftInputMode
		ADDED from src/main/AndroidManifest.xml:123:13-72
	android:name
		ADDED from src/main/AndroidManifest.xml:121:13-47
activity#com.qq.e.union.demo.adapter.test.activity.MediationTestActivity
ADDED from src/main/AndroidManifest.xml:124:9-127:74
	android:label
		ADDED from src/main/AndroidManifest.xml:126:13-66
	android:windowSoftInputMode
		ADDED from src/main/AndroidManifest.xml:127:13-72
	android:name
		ADDED from src/main/AndroidManifest.xml:125:13-72
activity#com.qq.e.union.demo.NativeExpressADActivity
ADDED from src/main/AndroidManifest.xml:128:9-148:20
	android:screenOrientation
		ADDED from src/main/AndroidManifest.xml:131:13-49
	android:label
		ADDED from src/main/AndroidManifest.xml:130:13-69
	android:windowSoftInputMode
		ADDED from src/main/AndroidManifest.xml:132:13-72
	android:name
		ADDED from src/main/AndroidManifest.xml:129:13-52
intent-filter#action:name:gdt.action.NATIVE_EXPRESS_DEMO+category:name:android.intent.category.DEFAULT
ADDED from src/main/AndroidManifest.xml:143:13-147:29
action#gdt.action.NATIVE_EXPRESS_DEMO
ADDED from src/main/AndroidManifest.xml:144:17-73
	android:name
		ADDED from src/main/AndroidManifest.xml:144:25-70
activity#com.qq.e.union.demo.NativeExpressDemoActivity
ADDED from src/main/AndroidManifest.xml:149:9-154:57
	android:screenOrientation
		ADDED from src/main/AndroidManifest.xml:153:13-49
	android:label
		ADDED from src/main/AndroidManifest.xml:152:13-71
	android:windowSoftInputMode
		ADDED from src/main/AndroidManifest.xml:154:13-54
	android:configChanges
		ADDED from src/main/AndroidManifest.xml:151:13-83
	android:name
		ADDED from src/main/AndroidManifest.xml:150:13-54
activity#com.qq.e.union.demo.NativeExpressRecyclerViewActivity
ADDED from src/main/AndroidManifest.xml:155:9-159:52
	android:screenOrientation
		ADDED from src/main/AndroidManifest.xml:159:13-49
	android:label
		ADDED from src/main/AndroidManifest.xml:158:13-80
	android:configChanges
		ADDED from src/main/AndroidManifest.xml:157:13-83
	android:name
		ADDED from src/main/AndroidManifest.xml:156:13-62
activity#com.qq.e.union.demo.NativeExpressAd2GuideActivity
ADDED from src/main/AndroidManifest.xml:162:9-182:20
	android:screenOrientation
		ADDED from src/main/AndroidManifest.xml:165:13-49
	android:label
		ADDED from src/main/AndroidManifest.xml:164:13-77
	android:windowSoftInputMode
		ADDED from src/main/AndroidManifest.xml:166:13-72
	android:name
		ADDED from src/main/AndroidManifest.xml:163:13-58
intent-filter#action:name:gdt.action.NATIVE_EXPRESS_2_DEMO+category:name:android.intent.category.DEFAULT
ADDED from src/main/AndroidManifest.xml:177:13-181:29
action#gdt.action.NATIVE_EXPRESS_2_DEMO
ADDED from src/main/AndroidManifest.xml:178:17-75
	android:name
		ADDED from src/main/AndroidManifest.xml:178:25-72
activity#com.qq.e.union.demo.NativeExpressAd2SimpleDemoActivity
ADDED from src/main/AndroidManifest.xml:184:9-188:82
	android:label
		ADDED from src/main/AndroidManifest.xml:188:13-80
	android:windowSoftInputMode
		ADDED from src/main/AndroidManifest.xml:187:13-72
	android:configChanges
		ADDED from src/main/AndroidManifest.xml:186:13-83
	android:name
		ADDED from src/main/AndroidManifest.xml:185:13-63
activity#com.qq.e.union.demo.NativeExpressAd2RecyclerViewActivity
ADDED from src/main/AndroidManifest.xml:189:9-192:83
	android:label
		ADDED from src/main/AndroidManifest.xml:192:13-80
	android:configChanges
		ADDED from src/main/AndroidManifest.xml:191:13-83
	android:name
		ADDED from src/main/AndroidManifest.xml:190:13-65
activity#com.qq.e.union.demo.NativeADUnifiedActivity
ADDED from src/main/AndroidManifest.xml:194:9-215:20
	android:screenOrientation
		ADDED from src/main/AndroidManifest.xml:198:13-49
	android:label
		ADDED from src/main/AndroidManifest.xml:197:13-71
	android:windowSoftInputMode
		ADDED from src/main/AndroidManifest.xml:199:13-54
	android:configChanges
		ADDED from src/main/AndroidManifest.xml:196:13-83
	android:name
		ADDED from src/main/AndroidManifest.xml:195:13-52
intent-filter#action:name:gdt.action.NATIVE_CONTAINER+category:name:android.intent.category.DEFAULT
ADDED from src/main/AndroidManifest.xml:210:13-214:29
action#gdt.action.NATIVE_CONTAINER
ADDED from src/main/AndroidManifest.xml:211:17-70
	android:name
		ADDED from src/main/AndroidManifest.xml:211:25-67
activity#com.qq.e.union.demo.NativeADUnifiedSampleActivity
ADDED from src/main/AndroidManifest.xml:216:9-219:74
	android:label
		ADDED from src/main/AndroidManifest.xml:219:13-71
	android:configChanges
		ADDED from src/main/AndroidManifest.xml:218:13-83
	android:name
		ADDED from src/main/AndroidManifest.xml:217:13-58
activity#com.qq.e.union.demo.NativeADUnifiedListViewActivity
ADDED from src/main/AndroidManifest.xml:220:9-224:52
	android:screenOrientation
		ADDED from src/main/AndroidManifest.xml:224:13-49
	android:label
		ADDED from src/main/AndroidManifest.xml:223:13-71
	android:configChanges
		ADDED from src/main/AndroidManifest.xml:222:13-83
	android:name
		ADDED from src/main/AndroidManifest.xml:221:13-60
activity#com.qq.e.union.demo.NativeADUnifiedRecyclerViewActivity
ADDED from src/main/AndroidManifest.xml:225:9-229:52
	android:screenOrientation
		ADDED from src/main/AndroidManifest.xml:229:13-49
	android:label
		ADDED from src/main/AndroidManifest.xml:228:13-71
	android:configChanges
		ADDED from src/main/AndroidManifest.xml:227:13-83
	android:name
		ADDED from src/main/AndroidManifest.xml:226:13-64
activity#com.qq.e.union.demo.NativeADUnifiedPreMovieActivity
ADDED from src/main/AndroidManifest.xml:230:9-233:74
	android:label
		ADDED from src/main/AndroidManifest.xml:233:13-71
	android:configChanges
		ADDED from src/main/AndroidManifest.xml:232:13-83
	android:name
		ADDED from src/main/AndroidManifest.xml:231:13-60
activity#com.qq.e.union.demo.NativeADUnifiedFullScreenActivity
ADDED from src/main/AndroidManifest.xml:234:9-239:63
	android:screenOrientation
		ADDED from src/main/AndroidManifest.xml:238:13-49
	android:label
		ADDED from src/main/AndroidManifest.xml:237:13-71
	android:configChanges
		ADDED from src/main/AndroidManifest.xml:236:13-83
	android:theme
		ADDED from src/main/AndroidManifest.xml:239:13-60
	android:name
		ADDED from src/main/AndroidManifest.xml:235:13-62
activity#com.qq.e.union.demo.NativeADUnifiedFullScreenFeedActivity
ADDED from src/main/AndroidManifest.xml:240:9-245:63
	android:screenOrientation
		ADDED from src/main/AndroidManifest.xml:244:13-49
	android:label
		ADDED from src/main/AndroidManifest.xml:243:13-71
	android:configChanges
		ADDED from src/main/AndroidManifest.xml:242:13-83
	android:theme
		ADDED from src/main/AndroidManifest.xml:245:13-60
	android:name
		ADDED from src/main/AndroidManifest.xml:241:13-66
activity#com.qq.e.union.demo.RewardVideoActivity
ADDED from src/main/AndroidManifest.xml:246:9-267:20
	android:screenOrientation
		ADDED from src/main/AndroidManifest.xml:250:13-49
	android:label
		ADDED from src/main/AndroidManifest.xml:249:13-55
	android:windowSoftInputMode
		ADDED from src/main/AndroidManifest.xml:251:13-72
	android:configChanges
		ADDED from src/main/AndroidManifest.xml:248:13-83
	android:name
		ADDED from src/main/AndroidManifest.xml:247:13-48
intent-filter#action:name:gdt.action.REWARD_VIDEO_DEMO+category:name:android.intent.category.DEFAULT
ADDED from src/main/AndroidManifest.xml:262:13-266:29
action#gdt.action.REWARD_VIDEO_DEMO
ADDED from src/main/AndroidManifest.xml:263:17-71
	android:name
		ADDED from src/main/AndroidManifest.xml:263:25-68
activity#com.qq.e.union.demo.HybridADActivity
ADDED from src/main/AndroidManifest.xml:268:9-288:20
	android:screenOrientation
		ADDED from src/main/AndroidManifest.xml:272:13-49
	android:label
		ADDED from src/main/AndroidManifest.xml:271:13-49
	android:windowSoftInputMode
		ADDED from src/main/AndroidManifest.xml:273:13-72
	android:configChanges
		ADDED from src/main/AndroidManifest.xml:270:13-83
	android:name
		ADDED from src/main/AndroidManifest.xml:269:13-45
intent-filter#action:name:gdt.action.HYBRID_DEMO+category:name:android.intent.category.DEFAULT
ADDED from src/main/AndroidManifest.xml:284:13-287:29
action#gdt.action.HYBRID_DEMO
ADDED from src/main/AndroidManifest.xml:285:17-65
	android:name
		ADDED from src/main/AndroidManifest.xml:285:25-62
activity#com.qq.e.union.demo.UnifiedBannerActivity
ADDED from src/main/AndroidManifest.xml:289:9-308:20
	android:label
		ADDED from src/main/AndroidManifest.xml:292:13-66
	android:windowSoftInputMode
		ADDED from src/main/AndroidManifest.xml:293:13-72
	android:configChanges
		ADDED from src/main/AndroidManifest.xml:291:13-83
	android:name
		ADDED from src/main/AndroidManifest.xml:290:13-50
intent-filter#action:name:gdt.action.UNIFIED_BANNER_DEMO+category:name:android.intent.category.DEFAULT
ADDED from src/main/AndroidManifest.xml:304:13-307:29
action#gdt.action.UNIFIED_BANNER_DEMO
ADDED from src/main/AndroidManifest.xml:305:17-73
	android:name
		ADDED from src/main/AndroidManifest.xml:305:25-70
activity#com.qq.e.union.demo.UnifiedInterstitialADActivity
ADDED from src/main/AndroidManifest.xml:309:9-328:20
	android:label
		ADDED from src/main/AndroidManifest.xml:312:13-75
	android:windowSoftInputMode
		ADDED from src/main/AndroidManifest.xml:313:13-72
	android:configChanges
		ADDED from src/main/AndroidManifest.xml:311:13-83
	android:name
		ADDED from src/main/AndroidManifest.xml:310:13-58
intent-filter#action:name:gdt.action.UNIFIED_INTERSTITIAL_DEMO+category:name:android.intent.category.DEFAULT
ADDED from src/main/AndroidManifest.xml:324:13-327:29
action#gdt.action.UNIFIED_INTERSTITIAL_DEMO
ADDED from src/main/AndroidManifest.xml:325:17-79
	android:name
		ADDED from src/main/AndroidManifest.xml:325:25-76
activity#com.mintegral.msdk.reward.player.MTGRewardVideoActivity
ADDED from src/main/AndroidManifest.xml:332:9-335:74
	android:configChanges
		ADDED from src/main/AndroidManifest.xml:334:13-74
	android:theme
		ADDED from src/main/AndroidManifest.xml:335:13-71
	android:name
		ADDED from src/main/AndroidManifest.xml:333:13-83
activity#com.mintegral.msdk.activity.MTGCommonActivity
ADDED from src/main/AndroidManifest.xml:336:9-341:84
	android:screenOrientation
		ADDED from src/main/AndroidManifest.xml:340:13-49
	android:exported
		ADDED from src/main/AndroidManifest.xml:339:13-36
	android:configChanges
		ADDED from src/main/AndroidManifest.xml:338:13-57
	android:theme
		ADDED from src/main/AndroidManifest.xml:341:13-72
	android:name
		ADDED from src/main/AndroidManifest.xml:337:13-73
receiver#com.mintegral.msdk.click.AppReceiver
ADDED from src/main/AndroidManifest.xml:343:9-348:20
	android:name
		ADDED from src/main/AndroidManifest.xml:343:19-70
intent-filter#action:name:android.intent.action.PACKAGE_ADDED+data:scheme:package
ADDED from src/main/AndroidManifest.xml:344:13-347:29
action#android.intent.action.PACKAGE_ADDED
ADDED from src/main/AndroidManifest.xml:345:17-78
	android:name
		ADDED from src/main/AndroidManifest.xml:345:25-75
data
ADDED from src/main/AndroidManifest.xml:346:17-50
	android:scheme
		ADDED from src/main/AndroidManifest.xml:346:23-47
service#com.mintegral.msdk.shell.MTGService
ADDED from src/main/AndroidManifest.xml:350:9-354:19
	android:name
		ADDED from src/main/AndroidManifest.xml:350:18-68
intent-filter#action:name:com.mintegral.msdk.download.action
ADDED from src/main/AndroidManifest.xml:351:13-353:29
action#com.mintegral.msdk.download.action
ADDED from src/main/AndroidManifest.xml:352:17-77
	android:name
		ADDED from src/main/AndroidManifest.xml:352:25-74
uses-sdk
INJECTED from src/main/AndroidManifest.xml reason: use-sdk injection requested
INJECTED from src/main/AndroidManifest.xml
INJECTED from src/main/AndroidManifest.xml
MERGED from [GDTSDK.unionNormal.4.230.1100.aar] AndroidManifest.xml:7:5-9:41
MERGED from [GDTSDK.unionNormal.4.230.1100.aar] AndroidManifest.xml:7:5-9:41
MERGED from [ks_adsdk-2.2.4.aar] AndroidManifest.xml:7:5-9:41
MERGED from [ks_adsdk-2.2.4.aar] AndroidManifest.xml:7:5-9:41
MERGED from [com.squareup.leakcanary:leakcanary-android:1.6.1] AndroidManifest.xml:20:5-44
MERGED from [com.squareup.leakcanary:leakcanary-android:1.6.1] AndroidManifest.xml:20:5-44
MERGED from [com.android.support:support-v4:28.0.0] AndroidManifest.xml:20:5-44
MERGED from [com.android.support:support-v4:28.0.0] AndroidManifest.xml:20:5-44
MERGED from [com.android.support:design:28.0.0] AndroidManifest.xml:20:5-44
MERGED from [com.android.support:design:28.0.0] AndroidManifest.xml:20:5-44
MERGED from [com.android.support:recyclerview-v7:28.0.0] AndroidManifest.xml:20:5-44
MERGED from [com.android.support:recyclerview-v7:28.0.0] AndroidManifest.xml:20:5-44
MERGED from [com.android.support:appcompat-v7:28.0.0] AndroidManifest.xml:20:5-44
MERGED from [com.android.support:appcompat-v7:28.0.0] AndroidManifest.xml:20:5-44
MERGED from [com.android.support.constraint:constraint-layout:1.1.3] AndroidManifest.xml:5:5-7:41
MERGED from [com.android.support.constraint:constraint-layout:1.1.3] AndroidManifest.xml:5:5-7:41
MERGED from [com.tencent.bugly:crashreport:3.2.3] AndroidManifest.xml:5:5-7:41
MERGED from [com.tencent.bugly:crashreport:3.2.3] AndroidManifest.xml:5:5-7:41
MERGED from [com.android.support:multidex:1.0.3] AndroidManifest.xml:20:5-43
MERGED from [com.android.support:multidex:1.0.3] AndroidManifest.xml:20:5-43
MERGED from [com.mintegral.msdk:videojs:10.1.31] AndroidManifest.xml:7:5-9:41
MERGED from [com.mintegral.msdk:videojs:10.1.31] AndroidManifest.xml:7:5-9:41
MERGED from [com.mintegral.msdk:mtgjscommon:10.1.31] AndroidManifest.xml:7:5-9:41
MERGED from [com.mintegral.msdk:mtgjscommon:10.1.31] AndroidManifest.xml:7:5-9:41
MERGED from [com.mintegral.msdk:playercommon:10.1.31] AndroidManifest.xml:8:5-10:41
MERGED from [com.mintegral.msdk:playercommon:10.1.31] AndroidManifest.xml:8:5-10:41
MERGED from [com.mintegral.msdk:reward:10.1.31] AndroidManifest.xml:8:5-10:41
MERGED from [com.mintegral.msdk:reward:10.1.31] AndroidManifest.xml:8:5-10:41
MERGED from [com.mintegral.msdk:videocommon:10.1.31] AndroidManifest.xml:8:5-10:41
MERGED from [com.mintegral.msdk:videocommon:10.1.31] AndroidManifest.xml:8:5-10:41
MERGED from [com.mintegral.msdk:optimizedata:10.1.31] AndroidManifest.xml:7:5-9:41
MERGED from [com.mintegral.msdk:optimizedata:10.1.31] AndroidManifest.xml:7:5-9:41
MERGED from [com.mintegral.msdk:common:10.1.31] AndroidManifest.xml:8:5-10:41
MERGED from [com.mintegral.msdk:common:10.1.31] AndroidManifest.xml:8:5-10:41
MERGED from [com.mintegral.msdk:mtgdownloads:10.1.31] AndroidManifest.xml:7:5-9:41
MERGED from [com.mintegral.msdk:mtgdownloads:10.1.31] AndroidManifest.xml:7:5-9:41
MERGED from [com.mintegral.msdk:mtgbid:10.1.31] AndroidManifest.xml:7:5-9:41
MERGED from [com.mintegral.msdk:mtgbid:10.1.31] AndroidManifest.xml:7:5-9:41
MERGED from [com.squareup.leakcanary:leakcanary-analyzer:1.6.1] AndroidManifest.xml:20:5-44
MERGED from [com.squareup.leakcanary:leakcanary-analyzer:1.6.1] AndroidManifest.xml:20:5-44